<?xml version="1.0" encoding="UTF-8"?>
<!-- Generated by org.testng.reporters.JUnitXMLReporter -->
<testsuite ignored="1" hostname="DESKTOP-L8VPHJS" failures="1" tests="1" name="ModuleOneTest(failed)" time="7.673" errors="0" timestamp="2024-11-07T11:07:48 IST">
  <testcase classname="testScripts.GooglePageSearchTest" name="seleniumSearchTest" time="5.24">
    <failure type="java.lang.AssertionError" message="expected [] but found [Selenium Tutorial - Google Search]">
      <![CDATA[java.lang.AssertionError: expected [] but found [Selenium Tutorial - Google Search]
at testScripts.GooglePageSearchTest.seleniumSearchTest(GooglePageSearchTest.java:39)
at java.base/java.util.ArrayList.forEach(ArrayList.java:1510)
... Removed 33 stack frames]]>
    </failure>
  </testcase> <!-- seleniumSearchTest -->
  <testcase classname="testScripts.GooglePageSearchTest" name="javaSearchTest" time="0.0">
    <ignored/>
  </testcase> <!-- javaSearchTest -->
</testsuite> <!-- ModuleOneTest(failed) -->
